[LOG] System::create                           : Header version = 2.01.11. Current version = 2.01.11.
[LOG] Manager::init                            : maxchannels = 256 studioflags = 00000006 flags 00000000 extradriverdata 0000000000000000.
[LOG] SystemI::init                            : Initialize version=20111 (118066), maxchannels=256, flags=0x00020000
[LOG] SystemI::setOutputInternal               : Setting output to 'FMOD WASAPI Output'
[LOG] OutputWASAPI::init                       : Mix Format (WAVEFORMATEX): wFormatTag=0xFFFE, nChannels=2, nSamplesPerSec=48000, nAvgBytesPerSec=384000, nBlockAlign=8, wBitsPerSample=32, cbSize=22.
[LOG] OutputWASAPI::init                       : Mix Format (WAVEFORMATEXTENSIBLE): wValidBitsPerSample=32, dwChannelMask=0x00000003, SubFormat=00000003-0000-0010-8000-00AA00389B71.
[LOG] OutputWASAPI::init                       : Output buffer size: 4096 samples, latency: 0.00ms, period: 10.00ms, DSP buffer: 1024 * 4
[LOG] Thread::initThread                       : Init FMOD stream thread. Affinity: 0x8000000000000003, Priority: 0xFFFF7FFB, Stack Size: 98304, Semaphore: No, Sleep Time: 10, Looping: Yes.
[LOG] Thread::initThread                       : Init FMOD mixer thread. Affinity: 0x8000000000000001, Priority: 0xFFFF7FFA, Stack Size: 81920, Semaphore: No, Sleep Time: 0, Looping: Yes.
[LOG] AsyncManager::init                       : manager 0000027084B2E0A8 isAsync 0 updatePeriod 0.02
[LOG] AsyncManager::init                       : done
[LOG] PlaybackSystem::init                     : 
[LOG] Thread::initThread                       : Init FMOD Studio sample load thread. Affinity: 0x8000000000000003, Priority: 0xFFFF7FFD, Stack Size: 98304, Semaphore: No, Sleep Time: 1, Looping: No.
[LOG] PlaybackSystem::init                     : done
[LOG] Thread::initThread                       : Init FMOD Studio bank load thread. Affinity: 0x8000000000000003, Priority: 0xFFFF7FFD, Stack Size: 98304, Semaphore: No, Sleep Time: 1, Looping: No.
[LOG] Manager::init                            : done.
[LOG] Manager::readBank                        : fileversion = 135, compatVersion = 132 (oldest = 44, newest = 135)
[LOG] Manager::readBank                        : fileversion = 135, compatVersion = 132 (oldest = 44, newest = 135)
[LOG] Manager::readBank                        : fileversion = 135, compatVersion = 132 (oldest = 44, newest = 135)
[LOG] PlaybackSystem::acquireMasterBus         : Setting master channel group format to 6
[LOG] Manager::readBank                        : fileversion = 135, compatVersion = 132 (oldest = 44, newest = 135)
[LOG] Manager::readBank                        : fileversion = 135, compatVersion = 132 (oldest = 44, newest = 135)
[LOG] Manager::readBank                        : fileversion = 135, compatVersion = 132 (oldest = 44, newest = 135)
[LOG] PlaybackSystem::acquireMasterBus         : Setting master channel group format to 6
[LOG] SystemI::createSound                     : filename = FMOD/Build/Desktop/Master.bank : mode 02010082
[LOG] SystemI::createSound                     : FMOD_NONBLOCKING specified.  Putting into queue to be opened asynchronously!
[LOG] SystemI::createSound                     : setdata soundi = 000002701E000AF8 : node = 000002701EB8F8B0
[LOG] SystemI::createSound                     : add node to async list : head = 000002700707D1D8.  list count = 0
[LOG] AsyncThread::threadFunc                  : Starting Asynchronous operation on sound 000002701E000AF8
[LOG] SystemI::createSound                     : filename = FMOD/Build/Desktop/Master.bank : mode 02010082
[LOG] SystemI::createSoundInternal             :     Create name='FMOD/Build/Desktop/Master.bank', mode=0x02010082
[LOG] SystemI::createSoundInternal             :     exinfo->cbsize             = 224
[LOG] SystemI::createSound                     :     FMOD_NONBLOCKING specified.  Putting into queue to be opened asynchronously!
[LOG] SystemI::createSoundInternal             :     exinfo->length             = 1379360
[LOG] SystemI::createSound                     :     setdata soundi = 000002701E001518 : node = 000002701EB8D6F0
[LOG] SystemI::createSoundInternal             :     exinfo->fileoffset         = 6624
[LOG] SystemI::createSound                     :     add node to async list : head = 000002700707D1D8.  list count = 0
[LOG] SystemI::createSoundInternal             :     exinfo->numsubsounds       = 1
[LOG] SystemI::createSound                     :     filename = FMOD/Build/Desktop/Master.bank : mode 02010082
[LOG] SystemI::createSoundInternal             :     exinfo->inclusionlist      = 000002701EB8F9C0
[LOG] SystemI::createSound                     :     FMOD_NONBLOCKING specified.  Putting into queue to be opened asynchronously!
[LOG] SystemI::createSoundInternal             :     exinfo->inclusionlistnum   = 1
[LOG] SystemI::createSound                     :     setdata soundi = 000002701E001A28 : node = 000002701EB8DD30
[LOG] SystemI::createSoundInternal             :     exinfo->suggestedsoundtype = 5
[LOG] SystemI::createSound                     :     add node to async list : head = 000002700707D1D8.  list count = 1
[LOG] SystemI::createSoundInternal             :     exinfo->initialseekposition = 8000
[LOG] SystemI::createSound                     :     filename = FMOD/Build/Desktop/Master.bank : mode 02010082
[LOG] SystemI::createSoundInternal             :     exinfo->initialseekpostype = 1
[LOG] SystemI::createSound                     :     FMOD_NONBLOCKING specified.  Putting into queue to be opened asynchronously!
[LOG] SystemI::createSound                     :     setdata soundi = 000002701E009C18 : node = 000002701EB8D330
[LOG] SystemI::createSound                     :     add node to async list : head = 000002700707D1D8.  list count = 2
[LOG] SystemI::createSoundInternal             :     Stream 0/1: name='usb-music-drums', format=5, channels=2, frequency=48000, lengthbytes=459872, lengthpcm=1589750, pcmblocksize=0, loopstart=0, loopend=1535999, mode=0x00000000, channelmask=0x00000000, channelorder=0, peakvolume=0.975494.
[LOG] AsyncThread::threadFunc                  : Finished Asynchronous operation on sound 000002701E000AF8
[LOG] AsyncThread::threadFunc                  : Starting Asynchronous operation on sound 000002701E001518
[LOG] SystemI::createSoundInternal             :     Create name='FMOD/Build/Desktop/Master.bank', mode=0x02010082
[LOG] SystemI::createSoundInternal             :     exinfo->cbsize             = 224
[LOG] SystemI::createSoundInternal             :     exinfo->length             = 1379360
[LOG] SystemI::createSoundInternal             :     exinfo->fileoffset         = 6624
[LOG] SystemI::createSoundInternal             :     exinfo->numsubsounds       = 1
[LOG] SystemI::createSoundInternal             :     exinfo->inclusionlist      = 000002701EB8D800
[LOG] SystemI::createSoundInternal             :     exinfo->inclusionlistnum   = 1
[LOG] SystemI::createSoundInternal             :     exinfo->suggestedsoundtype = 5
[LOG] SystemI::createSoundInternal             :     exinfo->initialseekposition = 8000
[LOG] SystemI::createSoundInternal             :     exinfo->initialseekpostype = 1
[LOG] SystemI::createSoundInternal             :     Stream 0/1: name='usb-music-lead', format=5, channels=2, frequency=48000, lengthbytes=451328, lengthpcm=1704500, pcmblocksize=0, loopstart=0, loopend=1535999, mode=0x00000000, channelmask=0x00000000, channelorder=0, peakvolume=0.361084.
[LOG] AsyncThread::threadFunc                  : Finished Asynchronous operation on sound 000002701E001518
[LOG] AsyncThread::threadFunc                  : Starting Asynchronous operation on sound 000002701E001A28
[LOG] SystemI::createSoundInternal             :     Create name='FMOD/Build/Desktop/Master.bank', mode=0x02010082
[LOG] SystemI::createSoundInternal             :     exinfo->cbsize             = 224
[LOG] SystemI::createSoundInternal             :     exinfo->length             = 1379360
[LOG] SystemI::createSoundInternal             :     exinfo->fileoffset         = 6624
[LOG] SystemI::createSoundInternal             :     exinfo->numsubsounds       = 1
[LOG] SystemI::createSoundInternal             :     exinfo->inclusionlist      = 000002701EB8DE40
[LOG] SystemI::createSoundInternal             :     exinfo->inclusionlistnum   = 1
[LOG] SystemI::createSoundInternal             :     exinfo->suggestedsoundtype = 5
[LOG] SystemI::createSoundInternal             :     exinfo->initialseekposition = 8000
[LOG] SystemI::createSoundInternal             :     exinfo->initialseekpostype = 1
[LOG] SystemI::createSoundInternal             :     Stream 0/1: name='usb-music-bass', format=5, channels=2, frequency=48000, lengthbytes=308000, lengthpcm=1660000, pcmblocksize=0, loopstart=0, loopend=1535999, mode=0x00000000, channelmask=0x00000000, channelorder=0, peakvolume=0.270264.
[LOG] AsyncThread::threadFunc                  : Finished Asynchronous operation on sound 000002701E001A28
[LOG] AsyncThread::threadFunc                  : Starting Asynchronous operation on sound 000002701E009C18
[LOG] SystemI::createSoundInternal             :     Create name='FMOD/Build/Desktop/Master.bank', mode=0x02010082
[LOG] SystemI::createSoundInternal             :     exinfo->cbsize             = 224
[LOG] SystemI::createSoundInternal             :     exinfo->length             = 1379360
[LOG] SystemI::createSoundInternal             :     exinfo->fileoffset         = 6624
[LOG] SystemI::createSoundInternal             :     exinfo->numsubsounds       = 1
[LOG] SystemI::createSoundInternal             :     exinfo->inclusionlist      = 000002701EB8D440
[LOG] SystemI::createSoundInternal             :     exinfo->inclusionlistnum   = 1
[LOG] SystemI::createSoundInternal             :     exinfo->suggestedsoundtype = 5
[LOG] SystemI::createSoundInternal             :     exinfo->initialseekposition = 8000
[LOG] SystemI::createSoundInternal             :     exinfo->initialseekpostype = 1
[LOG] SystemI::createSoundInternal             :     Stream 0/1: name='usb-music', format=5, channels=2, frequency=48000, lengthbytes=158752, lengthpcm=1704500, pcmblocksize=0, loopstart=0, loopend=1535999, mode=0x00000000, channelmask=0x00000000, channelorder=0, peakvolume=0.975006.
[LOG] AsyncThread::threadFunc                  : Finished Asynchronous operation on sound 000002701E009C18
[LOG] SoundI::release                          : usb-music (000002701DFFF358)
[LOG] SoundI::release                          :     usb-music (0000026FFE254038)
[LOG] SoundI::release                          :     usb-music (000002701DFFF6B8)
[LOG] SystemI::createSound                     : filename = FMOD/Build/Desktop/Master.bank : mode 02010082
[LOG] SystemI::createSound                     : FMOD_NONBLOCKING specified.  Putting into queue to be opened asynchronously!
[LOG] SystemI::createSound                     : setdata soundi = 000002701E0000D8 : node = 0000026E46DF80A0
[LOG] SystemI::createSound                     : add node to async list : head = 000002700707D1D8.  list count = 0
[LOG] AsyncThread::threadFunc                  : Starting Asynchronous operation on sound 000002701E0000D8
[LOG] SystemI::createSoundInternal             :     Create name='FMOD/Build/Desktop/Master.bank', mode=0x02010082
[LOG] SystemI::createSoundInternal             :     exinfo->cbsize             = 224
[LOG] SystemI::createSoundInternal             :     exinfo->length             = 1379360
[LOG] SystemI::createSoundInternal             :     exinfo->fileoffset         = 6624
[LOG] SystemI::createSoundInternal             :     exinfo->numsubsounds       = 1
[LOG] SystemI::createSoundInternal             :     exinfo->inclusionlist      = 0000026E46DF81B0
[LOG] SystemI::createSoundInternal             :     exinfo->inclusionlistnum   = 1
[LOG] SystemI::createSoundInternal             :     exinfo->suggestedsoundtype = 5
[LOG] SystemI::createSoundInternal             :     exinfo->initialseekposition = 16000
[LOG] SystemI::createSoundInternal             :     exinfo->initialseekpostype = 1
[LOG] SystemI::createSoundInternal             :     Stream 0/1: name='usb-music', format=5, channels=2, frequency=48000, lengthbytes=158752, lengthpcm=1704500, pcmblocksize=0, loopstart=0, loopend=1535999, mode=0x00000000, channelmask=0x00000000, channelorder=0, peakvolume=0.975006.
[LOG] AsyncThread::threadFunc                  : Finished Asynchronous operation on sound 000002701E0000D8
[LOG] SoundI::release                          : usb-music-lead (000002701E001518)
[LOG] SoundI::release                          :     usb-music-lead (0000027019F72D58)
[LOG] SoundI::release                          :     usb-music-lead (000002701E005388)
[LOG] SoundI::release                          : usb-music (000002701E009C18)
[LOG] SoundI::release                          :     usb-music (0000027019F71EB8)
[LOG] SoundI::release                          :     usb-music (000002701E006618)
[LOG] SoundI::release                          : usb-music-bass (000002701E001A28)
[LOG] SoundI::release                          :     usb-music-bass (0000027019F70B38)
[LOG] SoundI::release                          :     usb-music-bass (000002701E009DC8)
[LOG] SoundI::release                          : usb-music-drums (000002701E000AF8)
[LOG] SoundI::release                          :     usb-music-drums (0000027019F74A98)
[LOG] SoundI::release                          :     usb-music-drums (000002701E00A998)
[LOG] SystemI::createSound                     : filename = FMOD/Build/Desktop/Master.bank : mode 02010082
[LOG] SystemI::createSound                     : FMOD_NONBLOCKING specified.  Putting into queue to be opened asynchronously!
[LOG] SystemI::createSound                     : setdata soundi = 000002701E003D98 : node = 000002700ADB53E0
[LOG] SystemI::createSound                     : add node to async list : head = 000002700707D1D8.  list count = 0
[LOG] AsyncThread::threadFunc                  : Starting Asynchronous operation on sound 000002701E003D98
[LOG] SystemI::createSoundInternal             :     Create name='FMOD/Build/Desktop/Master.bank', mode=0x02010082
[LOG] SystemI::createSoundInternal             :     exinfo->cbsize             = 224
[LOG] SystemI::createSoundInternal             :     exinfo->length             = 1379360
[LOG] SystemI::createSoundInternal             :     exinfo->fileoffset         = 6624
[LOG] SystemI::createSoundInternal             :     exinfo->numsubsounds       = 1
[LOG] SystemI::createSoundInternal             :     exinfo->inclusionlist      = 000002700ADB54F0
[LOG] SystemI::createSoundInternal             :     exinfo->inclusionlistnum   = 1
[LOG] SystemI::createSoundInternal             :     exinfo->suggestedsoundtype = 5
[LOG] SystemI::createSoundInternal             :     exinfo->initialseekpostype = 1
[LOG] SystemI::createSoundInternal             :     Stream 0/1: name='usb-music', format=5, channels=2, frequency=48000, lengthbytes=158752, lengthpcm=1704500, pcmblocksize=0, loopstart=0, loopend=1535999, mode=0x00000000, channelmask=0x00000000, channelorder=0, peakvolume=0.975006.
[LOG] AsyncThread::threadFunc                  : Finished Asynchronous operation on sound 000002701E003D98
[LOG] AsyncThread::threadFunc                  : Starting Asynchronous operation on sound 000002701E000AF8
[LOG] AsyncThread::threadFunc                  : Finished Asynchronous operation on sound 000002701E000AF8
[LOG] SoundI::release                          : usb-music (000002701E0000D8)
[LOG] SoundI::release                          :     usb-music (0000027019F73718)
[LOG] SoundI::release                          :     usb-music (000002701E0005E8)
[LOG] SoundI::release                          : usb-music (000002701E003D98)
[LOG] SoundI::release                          :     usb-music (0000027019F73D98)
[LOG] SoundI::release                          :     usb-music (000002701E000AF8)
[LOG] Thread::callback                         : FMOD Studio update thread finished.
[LOG] Thread::callback                         : FMOD Studio bank load thread finished.
[LOG] Profile::disconnectAll                   : Profiler disconnecting all clients
[LOG] Thread::callback                         : FMOD Studio sample load thread finished.
[LOG] LiveUpdate::release                      : 
[LOG] LiveUpdate::reset                        : Reset connection (reason Disconnected)
[LOG] Thread::callback                         : FMOD stream thread finished.
[LOG] Thread::callback                         : FMOD mixer thread finished.
[LOG] Profile::disconnectAll                   : Profiler disconnecting all clients
[LOG] SystemI::close                           : Closed.
